Using pre-set license
Built from '2021.1/release' branch; Version is '2021.1.0f1 (61a549675243) revision 6399305'; Using compiler version '192528614'; Build Type 'Release'
OS: 'Windows 10 Home Single Language; OS build 19044.1586; Version 2009; 64bit' Language: 'es' Physical Memory: 8029 MB
BatchMode: 1, IsHumanControllingUs: 0, StartBugReporterOnCrash: 0, Is64bit: 1, IsPro: 0

 COMMAND LINE ARGUMENTS:
C:\Program Files\Unity\Hub\Editor\2021.1.0f1\Editor\Unity.exe
-adb2
-batchMode
-noUpm
-name
AssetImportWorker0
-projectPath
C:/Users/geral/2D-First-Game
-logFile
Logs/AssetImportWorker0.log
-srvPort
64125
Successfully changed project path to: C:/Users/geral/2D-First-Game
C:/Users/geral/2D-First-Game
Using Asset Import Pipeline V2.
Refreshing native plugins compatible for Editor in 105.60 ms, found 2 plugins.
Preloading 0 native plugins for Editor in 0.00 ms.
Initialize engine version: 2021.1.0f1 (61a549675243)
[Subsystems] Discovering subsystems at path C:/Program Files/Unity/Hub/Editor/2021.1.0f1/Editor/Data/Resources/UnitySubsystems
[Subsystems] Discovering subsystems at path C:/Users/geral/2D-First-Game/Assets
GfxDevice: creating device client; threaded=0; jobified=0
Direct3D:
    Version:  Direct3D 11.0 [level 11.1]
    Renderer: NVIDIA GeForce GTX 1650 (ID=0x1f99)
    Vendor:   NVIDIA
    VRAM:     3962 MB
    Driver:   30.0.14.9649
Initialize mono
Mono path[0] = 'C:/Program Files/Unity/Hub/Editor/2021.1.0f1/Editor/Data/Managed'
Mono path[1] = 'C:/Program Files/Unity/Hub/Editor/2021.1.0f1/Editor/Data/MonoBleedingEdge/lib/mono/unityjit'
Mono config path = 'C:/Program Files/Unity/Hub/Editor/2021.1.0f1/Editor/Data/MonoBleedingEdge/etc'
Using monoOptions --debugger-agent=transport=dt_socket,embedding=1,server=y,suspend=n,address=127.0.0.1:56996
Begin MonoManager ReloadAssembly
Registering precompiled unity dll's ...
Register platform support module: C:/Program Files/Unity/Hub/Editor/2021.1.0f1/Editor/Data/PlaybackEngines/WindowsStandaloneSupport/UnityEditor.WindowsStandalone.Extensions.dll
Registered in 0.001621 seconds.
Native extension for WindowsStandalone target not found
Refreshing native plugins compatible for Editor in 104.23 ms, found 2 plugins.
Preloading 0 native plugins for Editor in 0.00 ms.
Mono: successfully reloaded assembly
- Completed reload, in  1.762 seconds
Platform modules already initialized, skipping
Registering precompiled user dll's ...
Registered in 0.008069 seconds.
Begin MonoManager ReloadAssembly
Native extension for WindowsStandalone target not found
Refreshing native plugins compatible for Editor in 100.16 ms, found 2 plugins.
Preloading 0 native plugins for Editor in 0.00 ms.
Can't find custom attr constructor image: C:\Users\geral\2D-First-Game\Library\PackageCache\com.unity.ads@3.4.5\Editor\UnityEditor.Advertisements.dll mtoken: 0x0a00000f due to:  assembly:C:\Program Files\Unity\Hub\Editor\2021.1.0f1\Editor\Data\Managed\UnityEngine\UnityEngine.CoreModule.dll type:UnityAPICompatibilityVersionAttribute member:void {0}(string,string[]) signature:.ctor
Mono: successfully reloaded assembly
- Completed reload, in  1.088 seconds
Platform modules already initialized, skipping
========================================================================
Worker process is ready to serve import requests
Launched and connected shader compiler UnityShaderCompiler.exe after 0.04 seconds
Refreshing native plugins compatible for Editor in 1.48 ms, found 2 plugins.
Preloading 0 native plugins for Editor in 0.00 ms.
Unloading 3838 Unused Serialized files (Serialized files now loaded: 0)
System memory in use before: 142.2 MB.
System memory in use after: 142.3 MB.

Unloading 55 unused Assets to reduce memory usage. Loaded Objects now: 4267.
Total: 2.591300 ms (FindLiveObjects: 0.353500 ms CreateObjectMapping: 0.130000 ms MarkObjects: 1.971100 ms  DeleteObjects: 0.135800 ms)

========================================================================
Received Import Request.
  path: Assets/script/checkpoint.cs
  artifactKey: Guid(46651fce53bbdcb459e89601c6340c4e) Importer(815301076,1909f56bfc062723c751e8b465ee728b)
Start importing Assets/script/checkpoint.cs using Guid(46651fce53bbdcb459e89601c6340c4e) Importer(815301076,1909f56bfc062723c751e8b465ee728b)  -> (artifact id: 'edcec1c006c4651091ed3826365e7ed8') in 0.026130 seconds 
========================================================================
Received Import Request.
  Time since last request: 27.598202 seconds.
  path: Assets/script/checkpoint.cs
  artifactKey: Guid(46651fce53bbdcb459e89601c6340c4e) Importer(815301076,1909f56bfc062723c751e8b465ee728b)
Start importing Assets/script/checkpoint.cs using Guid(46651fce53bbdcb459e89601c6340c4e) Importer(815301076,1909f56bfc062723c751e8b465ee728b)  -> (artifact id: '0aa860900eab3d4b892236f251872209') in 0.007007 seconds 
========================================================================
Received Prepare
Registering precompiled user dll's ...
Registered in 0.009844 seconds.
Begin MonoManager ReloadAssembly
Native extension for WindowsStandalone target not found
Refreshing native plugins compatible for Editor in 1.02 ms, found 2 plugins.
Preloading 0 native plugins for Editor in 0.00 ms.
Can't find custom attr constructor image: C:\Users\geral\2D-First-Game\Library\PackageCache\com.unity.ads@3.4.5\Editor\UnityEditor.Advertisements.dll mtoken: 0x0a00000f due to:  assembly:C:\Program Files\Unity\Hub\Editor\2021.1.0f1\Editor\Data\Managed\UnityEngine\UnityEngine.CoreModule.dll type:UnityAPICompatibilityVersionAttribute member:void {0}(string,string[]) signature:.ctor
Mono: successfully reloaded assembly
- Completed reload, in  1.111 seconds
Platform modules already initialized, skipping
Refreshing native plugins compatible for Editor in 1.03 ms, found 2 plugins.
Preloading 0 native plugins for Editor in 0.00 ms.
Unloading 3829 Unused Serialized files (Serialized files now loaded: 0)
System memory in use before: 142.2 MB.
System memory in use after: 142.3 MB.

Unloading 45 unused Assets to reduce memory usage. Loaded Objects now: 4270.
Total: 3.387000 ms (FindLiveObjects: 0.517200 ms CreateObjectMapping: 0.283800 ms MarkObjects: 2.451500 ms  DeleteObjects: 0.133400 ms)

========================================================================
Received Import Request.
  Time since last request: 150.796779 seconds.
  path: Assets/script/Player.cs
  artifactKey: Guid(c50ede24cb4fdf346983e43f0214102d) Importer(815301076,1909f56bfc062723c751e8b465ee728b)
Start importing Assets/script/Player.cs using Guid(c50ede24cb4fdf346983e43f0214102d) Importer(815301076,1909f56bfc062723c751e8b465ee728b)  -> (artifact id: 'b7ccc555fb9240d20babdac3164999c5') in 0.013224 seconds 
AssetImportWorkerClient::OnTransportError - code=2 error=End of file
